<?xml version="1.0" encoding="UTF-8"?>
<!-- Generated by org.testng.reporters.JUnitReportReporter -->
<testsuite hostname="DESKTOP-GMB6M0P" failures="0" tests="5" name="com.testng.features.Ignore_Test" time="0.007" errors="0" timestamp="2022-03-30T22:34:41 IST" skipped="1">
  <testcase classname="com.testng.features.Ignore_Test" name="signBtn" time="0.005"/>
  <system-out/>
  <testcase classname="com.testng.features.Ignore_Test" name="username" time="0.001"/>
  <system-out/>
  <testcase classname="com.testng.features.Ignore_Test" name="password" time="0.000"/>
  <system-out/>
  <testcase classname="com.testng.features.Ignore_Test" name="summitBtn" time="0.001"/>
  <system-out/>
  <testcase classname="com.testng.features.Ignore_Test" name="browser_Launch">
    <skipped/>
  </testcase> <!-- browser_Launch -->
  <system-out/>
</testsuite> <!-- com.testng.features.Ignore_Test -->
