<?xml version="1.0" encoding="UTF-8"?>
<!-- Generated by org.testng.reporters.JUnitReportReporter -->
<testsuite hostname="DESKTOP-GMB6M0P" failures="0" tests="1" name="com.testng.features.Parameterized_Test" time="0.006" errors="0" timestamp="2022-03-30T22:13:46 IST" skipped="0">
  <testcase classname="com.testng.features.Parameterized_Test" name="loginFunctionality" time="0.006"/>
  <system-out/>
</testsuite> <!-- com.testng.features.Parameterized_Test -->
