<?xml version="1.0" encoding="UTF-8"?>
<!-- Generated by org.testng.reporters.JUnitReportReporter -->
<testsuite hostname="DESKTOP-GMB6M0P" failures="0" tests="2" name="com.testng.features.Multi_Threading" time="0.018" errors="0" timestamp="2022-04-01T19:14:38 IST" skipped="0">
  <testcase classname="com.testng.features.Multi_Threading" name="flipkart" time="0.009"/>
  <system-out/>
  <testcase classname="com.testng.features.Multi_Threading" name="amazon" time="0.009"/>
  <system-out/>
</testsuite> <!-- com.testng.features.Multi_Threading -->
