<?xml version="1.0" encoding="UTF-8"?>
<!-- Generated by org.testng.reporters.JUnitReportReporter -->
<testsuite hostname="DESKTOP-GMB6M0P" failures="0" tests="5" name="com.testng.features.DependencyTest" time="0.010" errors="0" timestamp="2022-03-30T20:24:42 IST" skipped="0">
  <testcase classname="com.testng.features.DependencyTest" name="collegeBooks" time="0.001"/>
  <system-out/>
  <testcase classname="com.testng.features.DependencyTest" name="fantasyBooks" time="0.006"/>
  <system-out/>
  <testcase classname="com.testng.features.DependencyTest" name="comicBooks" time="0.001"/>
  <system-out/>
  <testcase classname="com.testng.features.DependencyTest" name="schoolBooks" time="0.001"/>
  <system-out/>
  <testcase classname="com.testng.features.DependencyTest" name="booksOffer" time="0.001"/>
  <system-out/>
</testsuite> <!-- com.testng.features.DependencyTest -->
