<?xml version="1.0" encoding="UTF-8"?>
<!-- Generated by org.testng.reporters.JUnitReportReporter -->
<testsuite hostname="DESKTOP-GMB6M0P" failures="0" tests="1" name="com.testng.features.Timeout_Test" time="7.056" errors="0" timestamp="2022-04-01T23:24:24 IST" skipped="0">
  <testcase classname="com.testng.features.Timeout_Test" name="browser_Execution" time="7.056"/>
  <system-out/>
</testsuite> <!-- com.testng.features.Timeout_Test -->
