<?xml version="1.0" encoding="UTF-8"?>
<!-- Generated by org.testng.reporters.JUnitReportReporter -->
<testsuite hostname="DESKTOP-GMB6M0P" failures="0" tests="2" name="com.testng.features.Annotations_HierarchyTest" time="0.006" errors="0" timestamp="2022-03-28T23:36:38 IST" skipped="0">
  <testcase classname="com.testng.features.Annotations_HierarchyTest" name="dresses" time="0.004"/>
  <system-out/>
  <testcase classname="com.testng.features.Annotations_HierarchyTest" name="women" time="0.002"/>
  <system-out/>
</testsuite> <!-- com.testng.features.Annotations_HierarchyTest -->
