<?xml version="1.0" encoding="UTF-8"?>
<!-- Generated by org.testng.reporters.JUnitReportReporter -->
<testsuite hostname="DESKTOP-GMB6M0P" failures="0" tests="1" name="com.testng.features.Assert_Concept" time="0.012" errors="0" timestamp="2022-04-01T19:25:58 IST" skipped="0">
  <testcase classname="com.testng.features.Assert_Concept" name="username" time="0.012"/>
  <system-out/>
</testsuite> <!-- com.testng.features.Assert_Concept -->
