<?xml version="1.0" encoding="UTF-8"?>
<!-- Generated by org.testng.reporters.JUnitReportReporter -->
<testsuite hostname="DESKTOP-GMB6M0P" failures="0" tests="3" name="com.testng.features.Data_Provider_Test" time="0.007" errors="0" timestamp="2022-03-30T21:33:30 IST" skipped="0">
  <testcase classname="com.testng.features.Data_Provider_Test" name="runner_Class" time="0.002"/>
  <system-out/>
  <testcase classname="com.testng.features.Data_Provider_Test" name="runner_Class" time="0.001"/>
  <system-out/>
  <testcase classname="com.testng.features.Data_Provider_Test" name="runner_Class" time="0.004"/>
  <system-out/>
</testsuite> <!-- com.testng.features.Data_Provider_Test -->
