<?xml version="1.0" encoding="UTF-8"?>
<!-- Generated by org.testng.reporters.JUnitReportReporter -->
<testsuite hostname="DESKTOP-GMB6M0P" failures="0" tests="5" name="com.adactin.testng.Adactin_RunnerNG" time="4.409" errors="0" timestamp="2022-04-07T19:01:17 IST" skipped="0">
  <testcase classname="com.adactin.testng.Adactin_RunnerNG" name="search_Hotel" time="1.410"/>
  <system-out/>
  <testcase classname="com.adactin.testng.Adactin_RunnerNG" name="confirm_Hotel" time="0.792"/>
  <system-out/>
  <testcase classname="com.adactin.testng.Adactin_RunnerNG" name="book_Hotel" time="1.133"/>
  <system-out/>
  <testcase classname="com.adactin.testng.Adactin_RunnerNG" name="bookedItinerary" time="0.872"/>
  <system-out/>
  <testcase classname="com.adactin.testng.Adactin_RunnerNG" name="screenshot_Hotel" time="0.202"/>
  <system-out/>
</testsuite> <!-- com.adactin.testng.Adactin_RunnerNG -->
