<?xml version="1.0" encoding="UTF-8"?>
<!-- Generated by org.testng.reporters.JUnitReportReporter -->
<testsuite hostname="DESKTOP-GMB6M0P" failures="0" tests="9" name="com.testng.features.Invocation_Count_Test" time="0.017" errors="0" timestamp="2022-03-30T20:57:49 IST" skipped="0">
  <testcase classname="com.testng.features.Invocation_Count_Test" name="browser_Launch" time="0.008"/>
  <system-out/>
  <testcase classname="com.testng.features.Invocation_Count_Test" name="url_Launch" time="0.001"/>
  <system-out/>
  <testcase classname="com.testng.features.Invocation_Count_Test" name="refresh" time="0.001"/>
  <system-out/>
  <testcase classname="com.testng.features.Invocation_Count_Test" name="refresh" time="0.001"/>
  <system-out/>
  <testcase classname="com.testng.features.Invocation_Count_Test" name="refresh" time="0.001"/>
  <system-out/>
  <testcase classname="com.testng.features.Invocation_Count_Test" name="signBtn" time="0.001"/>
  <system-out/>
  <testcase classname="com.testng.features.Invocation_Count_Test" name="username" time="0.002"/>
  <system-out/>
  <testcase classname="com.testng.features.Invocation_Count_Test" name="password" time="0.001"/>
  <system-out/>
  <testcase classname="com.testng.features.Invocation_Count_Test" name="summitBtn" time="0.001"/>
  <system-out/>
</testsuite> <!-- com.testng.features.Invocation_Count_Test -->
