<?xml version="1.0" encoding="UTF-8"?>
<!-- Generated by org.testng.reporters.JUnitReportReporter -->
<testsuite hostname="DESKTOP-GMB6M0P" failures="0" tests="5" name="com.testng.features.Groups_Concept" time="0.011" errors="0" timestamp="2022-04-01T23:09:29 IST" skipped="0">
  <testcase classname="com.testng.features.Groups_Concept" name="collegeBooks" time="0.006"/>
  <system-out/>
  <testcase classname="com.testng.features.Groups_Concept" name="fantasyBooks" time="0.001"/>
  <system-out/>
  <testcase classname="com.testng.features.Groups_Concept" name="storyBooks" time="0.002"/>
  <system-out/>
  <testcase classname="com.testng.features.Groups_Concept" name="schoolBooks" time="0.001"/>
  <system-out/>
  <testcase classname="com.testng.features.Groups_Concept" name="comicBooks" time="0.001"/>
  <system-out/>
</testsuite> <!-- com.testng.features.Groups_Concept -->
