<?xml version="1.0" encoding="UTF-8"?>
<!-- Generated by org.testng.reporters.JUnitReportReporter -->
<testsuite hostname="DESKTOP-GMB6M0P" failures="0" tests="5" name="Hotel_Book.Adactin.Dependency_Test" time="0.010" errors="0" timestamp="2022-03-30T20:18:24 IST" skipped="0">
  <testcase classname="Hotel_Book.Adactin.Dependency_Test" name="collegeBooks" time="0.001"/>
  <system-out/>
  <testcase classname="Hotel_Book.Adactin.Dependency_Test" name="comicBooks" time="0.001"/>
  <system-out/>
  <testcase classname="Hotel_Book.Adactin.Dependency_Test" name="schoolBooks" time="0.006"/>
  <system-out/>
  <testcase classname="Hotel_Book.Adactin.Dependency_Test" name="fantasyBooks" time="0.002"/>
  <system-out/>
  <testcase classname="Hotel_Book.Adactin.Dependency_Test" name="booksOffer" time="0.000"/>
  <system-out/>
</testsuite> <!-- Hotel_Book.Adactin.Dependency_Test -->
